2013-01-21 12:34:41,986 INFO ********************* 
2013-01-21 12:34:42,010 INFO Starting test case: TestAMSSuccessfulLogin 
2013-01-21 12:34:42,010 INFO Initializing WebDriver - GOOGLECHROME 
2013-01-21 12:36:44,901 INFO Woo Hoo! The following test passed: testAMSSuccessfulLogin 
2013-01-21 12:36:44,901 INFO Closing WebDriver 
2013-01-21 12:36:45,866 INFO WebDriver closed 
2013-01-21 12:36:46,448 INFO ********************* 
2013-01-21 12:36:46,448 INFO  
2013-01-21 12:36:46,448 INFO PASSED TESTS 
2013-01-21 12:36:46,448 INFO testAMSSuccessfulLogin 
2013-01-21 12:36:46,449 INFO =============================================== 
2013-01-21 12:36:46,449 INFO FAILED TESTS 
2013-01-21 12:36:46,449 INFO NO TESTS FAILED 
2013-01-21 12:43:14,249 INFO ********************* 
2013-01-21 12:43:14,249 INFO Starting test case: TestAMSSuccessfulLogin 
2013-01-21 12:43:14,249 INFO Initializing WebDriver - GOOGLECHROME 
2013-01-21 12:43:18,043 INFO I/O exception (org.apache.http.NoHttpResponseException) caught when processing request: The target server failed to respond 
2013-01-21 12:43:18,043 INFO Retrying request 
2013-01-21 12:43:54,753 ERROR Test failed - testAMSSuccessfulLogin 
2013-01-21 12:43:54,754 INFO Saving Screenshot 
2013-01-21 12:43:54,754 ERROR Test failed - testAMSSuccessfulLogin 
2013-01-21 12:43:54,754 INFO Saving Screenshot 
2013-01-21 12:43:54,755 INFO Closing WebDriver 
2013-01-21 12:43:55,659 INFO WebDriver closed 
2013-01-21 12:43:55,746 INFO ********************* 
2013-01-21 12:43:55,746 INFO  
2013-01-21 12:43:55,746 INFO PASSED TESTS 
2013-01-21 12:43:55,746 INFO NO TESTS PASSED 
2013-01-21 12:43:55,746 INFO =============================================== 
2013-01-21 12:43:55,746 INFO FAILED TESTS 
2013-01-21 12:43:55,746 INFO NO TESTS FAILED 
2013-01-21 16:44:20,096 INFO ********************* 
2013-01-21 16:44:20,097 INFO Starting test case: TestAMSSuccessfulLogin 
2013-01-21 16:44:20,097 INFO Initializing WebDriver - GOOGLECHROME 
